
                            < M A T L A B (R) >
                  Copyright 1984-2013 The MathWorks, Inc.
                    R2013a (8.1.0.604) 64-bit (glnxa64)
                             February 15, 2013

 
To get started, type one of these: helpwin, helpdesk, or demo.
For product information, visit www.mathworks.com.
 
>> 
yPredicted =

     0     1
     1     0
     0     1
     1     0
     0     1
     0     1
     1     0
     0     1
     1     0
     0     1
     1     0
     1     0
     1     0
     0     1
     0     1
     1     0
     1     0
     1     0
     0     1
     1     0
     1     0
     1     0
     0     1
     1     0
     1     0
     0     1
     1     0
     1     0
     1     0
     1     0
     1     0
     1     0
     1     0
     1     0
     1     0
     1     0
     1     0
     1     0
     0     1
     1     0
     0     1
     1     0
     1     0
     1     0
     1     0
     1     0
     1     0
     1     0
     0     1
     1     0
     1     0
     1     0
     1     0
     1     0
     1     0
     1     0
     1     0
     1     0
     1     0
     1     0
     1     0
     1     0
     1     0
     0     1
     1     0
     0     1
     1     0
     0     1
     1     0
     0     1
     1     0
     1     0
     1     0
     1     0
     0     1
     1     0
     0     1
     0     1
     0     1
     0     1
     1     0
     1     0
     1     0
     1     0
     1     0
     1     0
     1     0
     1     0
     1     0
     1     0
     1     0
     0     1
     0     1
     1     0
     1     0
     1     0
     1     0
     1     0
     1     0
     1     0
     1     0
     1     0
     1     0
     1     0
     0     1
     1     0
     1     0
     1     0
     1     0
     1     0
     1     0
     0     1
     1     0
     0     1
     1     0
     1     0
     0     1
     1     0
     1     0
     1     0
     1     0
     0     1
     0     1
     1     0
     0     1
     1     0
     1     0
     0     1
     1     0
     1     0
     1     0
     1     0
     1     0
     0     1
     1     0
     1     0
     1     0
     1     0
     1     0
     1     0
     1     0
     1     0
     0     1
     1     0
     0     1
     1     0
     1     0
     0     1
     1     0
     0     1
     1     0
     1     0
     1     0
     0     1
     1     0
     1     0
     1     0
     1     0
     1     0
     1     0
     1     0
     1     0
     1     0
     0     1
     0     1
     1     0
     0     1
     1     0
     1     0
     0     1
     1     0
     1     0
     1     0
     1     0
     1     0
     1     0
     1     0
     1     0
     0     1
     1     0
     1     0
     1     0
     1     0
     1     0
     1     0
     0     1
     1     0
     1     0
     1     0
     1     0
     1     0
     0     1
     1     0
     1     0
     0     1
     1     0
     1     0
     1     0
     1     0
     1     0
     1     0
     1     0
     0     1
     0     1
     1     0
     1     0
     1     0
     1     0
     1     0
     1     0
     0     1
     1     0
     1     0
     1     0
     1     0
     1     0
     0     1
     1     0
     0     1
     0     1
     1     0
     0     1
     1     0
     1     0
     1     0
     0     1
     1     0
     1     0
     1     0
     0     1
     1     0
     1     0
     1     0
     0     1
     1     0
     1     0
     1     0
     1     0
     1     0
     1     0
     1     0
     1     0
     1     0
     1     0
     1     0


W =

    0.4995    0.8362
    0.8336   -0.2773
    0.0377    0.6707

Predicted 165 correctly of 245 -- 0.673469 %
>> 