
                            < M A T L A B (R) >
                  Copyright 1984-2013 The MathWorks, Inc.
                    R2013a (8.1.0.604) 64-bit (glnxa64)
                             February 15, 2013

 
To get started, type one of these: helpwin, helpdesk, or demo.
For product information, visit www.mathworks.com.
 
>> 
ans =

   214     2


yPredicted =

     1     0
     1     0
     1     0
     1     0
     1     0
     1     0
     1     0
     1     0
     1     0
     1     0
     1     0
     1     0
     1     0
     1     0
     1     0
     1     0
     1     0
     1     0
     1     0
     1     0
     1     0
     1     0
     1     0
     1     0
     1     0
     1     0
     1     0
     1     0
     1     0
     1     0
     1     0
     1     0
     1     0
     1     0
     1     0
     1     0
     1     0
     1     0
     1     0
     1     0
     1     0
     1     0
     1     0
     1     0
     1     0
     1     0
     1     0
     0     1
     1     0
     1     0
     1     0
     1     0
     1     0
     1     0
     1     0
     1     0
     1     0
     1     0
     1     0
     1     0
     1     0
     1     0
     1     0
     1     0
     1     0
     1     0
     1     0
     1     0
     1     0
     1     0
     1     0
     1     0
     1     0
     1     0
     1     0
     1     0
     1     0
     1     0
     1     0
     1     0
     1     0
     1     0
     1     0
     1     0
     1     0
     0     1
     1     0
     1     0
     1     0
     1     0
     0     1
     1     0
     1     0
     1     0
     1     0
     1     0
     1     0
     1     0
     1     0
     1     0
     1     0
     1     0
     1     0
     1     0
     1     0
     1     0
     1     0
     1     0
     1     0
     1     0
     1     0
     1     0
     1     0
     1     0
     1     0
     1     0
     1     0
     1     0
     1     0
     1     0
     1     0
     1     0
     1     0
     1     0
     1     0
     1     0
     1     0
     1     0
     1     0
     1     0
     1     0
     1     0
     1     0
     1     0
     1     0
     0     1
     1     0
     1     0
     1     0
     1     0
     1     0
     1     0
     1     0
     1     0
     1     0
     1     0
     1     0
     1     0
     1     0
     1     0
     1     0
     1     0
     1     0
     1     0
     1     0
     1     0
     1     0
     1     0
     1     0
     1     0
     1     0
     1     0
     1     0
     1     0
     1     0
     1     0
     1     0
     1     0
     1     0
     1     0
     1     0
     1     0
     1     0
     1     0
     1     0
     1     0
     1     0
     1     0
     1     0
     0     1
     1     0
     1     0
     1     0
     1     0
     1     0
     0     1
     1     0
     1     0
     1     0
     1     0
     1     0
     1     0
     1     0
     1     0
     0     1
     1     0
     1     0
     1     0
     1     0
     1     0
     1     0
     1     0
     1     0
     1     0
     1     0
     1     0
     1     0
     1     0
     1     0
     1     0
     1     0
     1     0
     1     0
     1     0


W =

    0.7805    0.6951
    0.6148   -0.1361
    0.1334    0.5232

Predicted 163 correctly of 214 -- 0.761682 %
>> 