
                            < M A T L A B (R) >
                  Copyright 1984-2013 The MathWorks, Inc.
                    R2013a (8.1.0.604) 64-bit (glnxa64)
                             February 15, 2013

 
To get started, type one of these: helpwin, helpdesk, or demo.
For product information, visit www.mathworks.com.
 
>> 
yPredicted =

     1     0
     1     0
     1     0
     1     0
     1     0
     1     0
     1     0
     1     0
     1     0
     1     0
     1     0
     1     0
     1     0
     1     0
     1     0
     1     0
     1     0
     1     0
     1     0
     0     1
     1     0
     1     0
     1     0
     1     0
     0     1
     1     0
     1     0
     1     0
     1     0
     0     1
     1     0
     1     0
     1     0
     1     0
     1     0
     1     0
     1     0
     1     0
     1     0
     1     0
     1     0
     1     0
     1     0
     0     1
     1     0
     1     0
     1     0
     1     0
     1     0
     1     0
     1     0
     1     0
     1     0
     1     0
     1     0
     1     0
     1     0
     1     0
     1     0
     1     0
     1     0
     1     0
     1     0
     1     0
     1     0
     1     0
     1     0
     1     0
     1     0
     1     0
     1     0
     1     0
     1     0
     1     0
     0     1
     1     0
     1     0
     1     0
     1     0
     1     0
     1     0
     1     0
     1     0
     1     0
     1     0
     0     1
     1     0
     1     0
     1     0
     1     0
     1     0
     1     0
     1     0
     1     0
     1     0
     1     0
     1     0
     1     0
     1     0
     1     0
     1     0
     1     0
     1     0
     1     0
     1     0
     1     0
     1     0
     1     0
     1     0
     1     0
     0     1
     1     0
     1     0
     1     0
     1     0
     1     0
     1     0
     1     0
     0     1
     0     1
     1     0
     1     0
     1     0
     1     0
     0     1
     1     0
     1     0
     0     1
     1     0
     1     0
     1     0
     1     0
     1     0
     0     1
     1     0
     1     0
     1     0
     1     0
     1     0
     1     0
     1     0
     1     0
     1     0
     1     0
     1     0
     1     0
     1     0
     1     0
     1     0
     1     0
     1     0
     1     0
     1     0


W =

    0.8848    0.4753
    0.6026    0.0063
   -0.3302    0.8520

Predicted 115 correctly of 153 -- 0.751634 %
>> 