
                            < M A T L A B (R) >
                  Copyright 1984-2013 The MathWorks, Inc.
                    R2013a (8.1.0.604) 64-bit (glnxa64)
                             February 15, 2013

 
To get started, type one of these: helpwin, helpdesk, or demo.
For product information, visit www.mathworks.com.
 
>> 
ans =

   184     2


yPredicted =

     1     0
     1     0
     1     0
     1     0
     1     0
     1     0
     1     0
     1     0
     1     0
     1     0
     1     0
     1     0
     1     0
     1     0
     1     0
     1     0
     0     1
     0     1
     1     0
     1     0
     1     0
     1     0
     1     0
     1     0
     1     0
     1     0
     1     0
     1     0
     1     0
     1     0
     1     0
     1     0
     1     0
     1     0
     1     0
     1     0
     1     0
     1     0
     1     0
     1     0
     1     0
     1     0
     1     0
     1     0
     1     0
     1     0
     1     0
     1     0
     1     0
     1     0
     1     0
     1     0
     1     0
     1     0
     1     0
     0     1
     1     0
     1     0
     1     0
     1     0
     0     1
     1     0
     1     0
     1     0
     1     0
     1     0
     1     0
     1     0
     1     0
     1     0
     1     0
     1     0
     1     0
     1     0
     1     0
     1     0
     1     0
     1     0
     1     0
     1     0
     1     0
     1     0
     1     0
     1     0
     1     0
     1     0
     1     0
     1     0
     1     0
     1     0
     1     0
     1     0
     1     0
     1     0
     1     0
     1     0
     1     0
     1     0
     1     0
     1     0
     1     0
     1     0
     1     0
     1     0
     1     0
     0     1
     1     0
     1     0
     1     0
     1     0
     1     0
     1     0
     1     0
     1     0
     1     0
     1     0
     1     0
     1     0
     1     0
     1     0
     1     0
     1     0
     1     0
     1     0
     1     0
     1     0
     1     0
     1     0
     1     0
     1     0
     1     0
     1     0
     1     0
     1     0
     1     0
     1     0
     1     0
     1     0
     1     0
     1     0
     1     0
     1     0
     1     0
     1     0
     1     0
     1     0
     1     0
     1     0
     1     0
     0     1
     1     0
     1     0
     1     0
     1     0
     1     0
     0     1
     1     0
     1     0
     0     1
     1     0
     1     0
     1     0
     1     0
     1     0
     0     1
     1     0
     1     0
     1     0
     1     0
     1     0
     1     0
     1     0
     1     0
     1     0
     1     0
     1     0
     1     0
     1     0
     1     0
     1     0
     1     0
     1     0
     1     0
     1     0


W =

    0.7763    0.5373
    0.7027   -0.0674
   -0.0440    0.6329

Predicted 139 correctly of 184 -- 0.755435 %
>> 