
                            < M A T L A B (R) >
                  Copyright 1984-2013 The MathWorks, Inc.
                    R2013a (8.1.0.604) 64-bit (glnxa64)
                             February 15, 2013

 
To get started, type one of these: helpwin, helpdesk, or demo.
For product information, visit www.mathworks.com.
 
>> 
yPredicted =

     1     0     0
     0     1     0
     1     0     0
     0     1     0
     0     0     1
     1     0     0
     0     0     1
     0     1     0
     0     1     0
     0     1     0
     0     1     0
     1     0     0
     0     0     1
     0     1     0
     1     0     0
     0     0     1
     0     0     1
     0     0     1
     1     0     0
     0     1     0
     0     0     1
     1     0     0
     1     0     0
     0     0     1
     1     0     0
     0     1     0
     1     0     0
     0     0     1
     1     0     0
     1     0     0
     0     0     1
     1     0     0
     0     0     1
     1     0     0
     1     0     0
     1     0     0
     0     1     0
     0     1     0
     0     0     1
     0     1     0
     1     0     0
     1     0     0
     0     0     1
     0     1     0
     0     1     0
     0     1     0
     0     1     0
     0     1     0
     1     0     0
     1     0     0
     0     0     1
     1     0     0
     1     0     0
     0     1     0
     0     1     0
     1     0     0
     0     1     0
     0     1     0
     1     0     0
     0     0     1
     1     0     0
     1     0     0
     0     0     1
     0     1     0
     1     0     0
     0     0     1
     0     0     1
     0     0     1
     0     0     1
     0     1     0
     1     0     0
     1     0     0
     1     0     0
     1     0     0
     1     0     0
     1     0     0
     0     1     0
     0     1     0
     0     0     1
     0     0     1
     0     1     0
     0     0     1
     0     1     0
     0     1     0
     0     1     0
     1     0     0
     0     1     0
     0     1     0
     0     0     1
     0     1     0
     0     1     0
     0     1     0
     0     0     1
     0     0     1
     0     0     1
     0     1     0
     0     0     1
     0     1     0
     0     0     1
     1     0     0
     1     0     0
     1     0     0
     0     1     0
     0     1     0
     1     0     0
     1     0     0
     0     0     1
     0     1     0
     0     0     1
     0     1     0
     0     1     0
     0     1     0
     0     1     0
     1     0     0
     0     1     0
     0     0     1
     0     1     0
     0     1     0
     0     1     0
     0     0     1


W =

   -0.2450   -1.1696    0.7087
    1.5595    0.0292   -0.1669
   -0.1582    3.8913   -1.8577
   -0.4627   -2.1339    2.0659

Predicted 94 correctly of 120 -- 0.783333 %
>> 