
                            < M A T L A B (R) >
                  Copyright 1984-2013 The MathWorks, Inc.
                    R2013a (8.1.0.604) 64-bit (glnxa64)
                             February 15, 2013

 
To get started, type one of these: helpwin, helpdesk, or demo.
For product information, visit www.mathworks.com.
 
>> 
yPredicted =

     0     1     0
     0     0     1
     0     1     0
     0     1     0
     0     1     0
     1     0     0
     0     0     1
     0     0     1
     1     0     0
     1     0     0
     0     1     0
     1     0     0
     1     0     0
     0     0     1
     0     0     1
     1     0     0
     0     1     0
     1     0     0
     0     1     0
     0     0     1
     1     0     0
     0     0     1
     0     1     0
     0     1     0
     0     0     1
     0     0     1
     1     0     0
     0     0     1
     0     0     1
     1     0     0
     0     0     1
     0     0     1
     0     0     1
     1     0     0
     0     1     0
     0     0     1
     1     0     0
     1     0     0
     0     0     1
     1     0     0
     0     1     0
     1     0     0
     0     0     1
     1     0     0
     1     0     0
     0     0     1
     1     0     0
     0     0     1
     1     0     0
     1     0     0
     1     0     0
     0     1     0
     0     1     0
     0     0     1
     0     1     0
     1     0     0
     1     0     0
     0     0     1
     0     1     0
     0     1     0
     0     1     0
     0     0     1
     0     1     0
     1     0     0
     1     0     0
     0     0     1
     1     0     0
     1     0     0
     0     1     0
     0     1     0
     1     0     0
     0     1     0
     0     0     1
     1     0     0
     0     0     1
     1     0     0
     1     0     0
     0     0     1
     0     1     0
     1     0     0
     0     0     1
     0     0     1
     0     0     1
     0     0     1
     0     1     0
     1     0     0
     1     0     0
     1     0     0
     1     0     0
     1     0     0
     1     0     0
     0     1     0
     0     1     0
     0     0     1
     0     0     1
     0     0     1
     0     0     1
     0     1     0
     0     1     0
     0     1     0
     1     0     0
     0     1     0
     0     1     0
     0     0     1
     0     1     0
     0     1     0
     0     1     0
     0     0     1
     0     0     1
     0     0     1
     0     0     1
     0     0     1
     0     1     0
     0     0     1
     1     0     0
     1     0     0
     1     0     0
     0     0     1
     0     0     1
     1     0     0
     1     0     0
     0     0     1
     0     1     0
     0     0     1
     0     1     0
     0     1     0
     0     1     0
     0     0     1
     1     0     0
     0     1     0
     0     0     1
     0     1     0
     0     1     0
     0     1     0
     0     0     1


W =

   -0.7980   -1.0032    0.3885
    1.5284    0.0428   -0.1352
    0.7801    2.4568   -0.8215
   -0.9746   -0.9068    1.3896

Predicted 105 correctly of 135 -- 0.777778 %
>> 