
                            < M A T L A B (R) >
                  Copyright 1984-2013 The MathWorks, Inc.
                    R2013a (8.1.0.604) 64-bit (glnxa64)
                             February 15, 2013

 
To get started, type one of these: helpwin, helpdesk, or demo.
For product information, visit www.mathworks.com.
 
>> 
yPredicted =

     0     0     1
     1     0     0
     0     0     1
     1     0     0
     1     0     0
     1     0     0
     0     1     0
     0     1     0
     0     0     1
     0     1     0
     1     0     0
     1     0     0
     0     0     1
     0     1     0
     0     1     0
     0     0     1
     0     0     1
     0     0     1
     1     0     0
     1     0     0
     0     0     1
     1     0     0
     1     0     0
     0     1     0
     0     1     0
     1     0     0
     0     1     0
     0     0     1
     1     0     0
     0     0     1
     1     0     0
     1     0     0
     0     0     1
     0     1     0
     1     0     0
     0     0     1
     0     0     1
     0     0     1
     0     0     1
     0     1     0
     1     0     0
     1     0     0
     1     0     0
     1     0     0
     1     0     0
     1     0     0
     0     1     0
     0     1     0
     0     0     1
     0     0     1
     0     0     1
     0     0     1
     0     1     0
     0     1     0
     0     1     0
     1     0     0
     0     1     0
     0     1     0
     0     0     1
     0     1     0
     0     1     0
     0     0     1
     0     0     1
     0     0     1
     0     0     1
     0     0     1
     0     0     1
     0     1     0
     0     0     1
     1     0     0
     1     0     0
     1     0     0
     0     0     1
     0     0     1
     1     0     0
     1     0     0
     0     0     1
     0     1     0
     0     0     1
     0     1     0
     0     1     0
     0     1     0
     0     0     1
     1     0     0
     0     0     1
     0     0     1
     0     1     0
     0     1     0
     0     1     0
     0     0     1


W =

   -0.2421   -1.1502    0.6309
    1.5817    0.1847   -0.2466
    0.1656    3.6476   -1.5268
   -0.8020   -2.1956    1.9598

Predicted 67 correctly of 90 -- 0.744444 %
>> 