
                            < M A T L A B (R) >
                  Copyright 1984-2013 The MathWorks, Inc.
                    R2013a (8.1.0.604) 64-bit (glnxa64)
                             February 15, 2013

 
To get started, type one of these: helpwin, helpdesk, or demo.
For product information, visit www.mathworks.com.
 
>> 
yPredicted =

     0     0     1
     0     0     1
     0     0     1
     1     0     0
     1     0     0
     0     0     1
     1     0     0
     1     0     0
     0     1     0
     0     1     0
     1     0     0
     0     1     0
     0     0     1
     1     0     0
     0     0     1
     1     0     0
     1     0     0
     0     0     1
     0     1     0
     1     0     0
     0     0     1
     0     0     1
     0     0     1
     0     0     1
     0     1     0
     1     0     0
     1     0     0
     1     0     0
     1     0     0
     1     0     0
     1     0     0
     0     1     0
     0     1     0
     0     0     1
     0     0     1
     0     0     1
     0     0     1
     0     1     0
     0     1     0
     0     1     0
     1     0     0
     0     1     0
     0     1     0
     0     0     1
     0     1     0
     0     1     0
     0     0     1
     0     0     1
     0     0     1
     0     0     1
     0     1     0
     0     0     1
     0     1     0
     0     0     1
     1     0     0
     1     0     0
     1     0     0
     0     0     1
     0     0     1
     1     0     0
     1     0     0
     0     0     1
     0     1     0
     0     0     1
     0     1     0
     0     1     0
     0     1     0
     0     1     0
     1     0     0
     0     0     1
     0     0     1
     0     1     0
     0     1     0
     0     1     0
     0     0     1


W =

   -0.2825   -1.1075    0.5139
    1.5868    0.1806   -0.2159
    0.2042    3.6771   -1.4498
   -0.8140   -2.2522    1.9702

Predicted 55 correctly of 75 -- 0.733333 %
>> 