
                            < M A T L A B (R) >
                  Copyright 1984-2013 The MathWorks, Inc.
                    R2013a (8.1.0.604) 64-bit (glnxa64)
                             February 15, 2013

 
To get started, type one of these: helpwin, helpdesk, or demo.
For product information, visit www.mathworks.com.
 
>> 
yPredicted =

     0     0     0     1     0     0
     0     0     0     1     0     0
     0     0     0     1     0     0
     0     0     0     1     0     0
     0     0     0     0     0     1
     0     0     0     1     0     0
     0     0     0     1     0     0
     0     0     0     0     0     1
     0     0     0     1     0     0
     1     0     0     0     0     0
     0     0     0     1     0     0
     0     0     0     1     0     0
     0     0     0     0     0     1
     0     0     0     1     0     0
     0     0     0     1     0     0
     0     0     0     1     0     0
     0     0     0     1     0     0
     0     0     0     1     0     0
     0     0     0     1     0     0
     0     0     0     0     0     1
     0     0     0     1     0     0
     0     0     0     1     0     0
     0     0     0     0     0     1
     0     0     1     0     0     0
     0     0     0     1     0     0
     0     0     0     0     0     1
     0     0     0     1     0     0
     0     0     0     0     0     1
     0     0     0     1     0     0
     0     0     0     0     0     1
     0     0     1     0     0     0
     0     0     0     1     0     0
     0     0     0     0     0     1
     1     0     0     0     0     0
     0     0     0     0     0     1
     0     0     0     0     0     1
     0     0     0     0     0     1
     0     0     0     1     0     0
     0     1     0     0     0     0
     0     0     0     1     0     0
     0     0     0     0     0     1
     0     0     0     0     0     1
     0     0     0     1     0     0
     1     0     0     0     0     0
     0     0     0     0     0     1
     0     0     0     0     0     1
     0     0     0     1     0     0
     0     0     0     0     0     1
     0     0     0     1     0     0
     0     0     0     1     0     0
     0     0     0     0     0     1
     0     0     0     1     0     0
     0     0     0     1     0     0
     0     0     0     1     0     0
     0     0     0     0     0     1
     1     0     0     0     0     0
     0     0     0     1     0     0
     0     0     0     0     0     1
     0     0     0     0     0     1
     0     0     0     0     0     1
     1     0     0     0     0     0
     0     0     0     0     0     1
     0     0     1     0     0     0
     0     0     0     0     0     1
     0     0     0     0     0     1
     0     0     0     0     0     1
     0     0     0     1     0     0
     0     0     0     0     0     1
     0     0     0     1     0     0
     0     0     0     1     0     0
     0     1     0     0     0     0
     0     0     0     0     0     1
     1     0     0     0     0     0
     0     0     1     0     0     0
     0     0     0     0     0     1
     0     0     0     1     0     0
     0     0     0     0     0     1
     0     0     0     1     0     0
     0     0     1     0     0     0
     0     0     0     0     0     1
     0     0     0     0     0     1
     0     0     0     0     0     1
     0     0     0     1     0     0
     0     0     0     1     0     0
     0     0     0     1     0     0
     0     0     0     1     0     0
     0     0     0     0     0     1
     0     1     0     0     0     0
     0     0     0     0     0     1
     1     0     0     0     0     0
     0     0     0     1     0     0
     0     0     1     0     0     0
     0     0     1     0     0     0
     0     1     0     0     0     0
     0     0     0     1     0     0
     0     0     0     1     0     0
     0     0     0     0     0     1
     0     0     0     0     0     1
     0     0     0     0     0     1
     0     0     0     1     0     0
     0     0     0     0     0     1
     0     0     0     1     0     0
     0     0     1     0     0     0
     0     0     0     1     0     0
     0     0     0     1     0     0
     0     0     1     0     0     0
     0     0     0     0     0     1
     0     0     0     1     0     0
     0     0     0     1     0     0
     0     0     0     0     0     1
     0     0     0     0     0     1


W =

    0.0016    0.0895    0.3553    0.1044    0.1389   -0.4845
    0.0682    0.0494    0.2720   -0.1343    0.0037   -0.0604
    0.0784    0.1027    0.0232   -0.0046    0.0571    0.3054
   -0.0458   -0.1592   -0.1019    0.2103   -0.0508    0.3660
   -0.1006    0.0104    0.0373    0.4063   -0.0511   -0.0833
    0.3826   -0.3088    0.1009    0.4985   -0.0713   -0.5586
    0.0727   -0.0441   -0.1128    0.2921   -0.0462   -0.1009
   -0.1824    0.3668    0.0879    0.1677    0.0356    0.0089
    0.7911    0.0658    0.0261   -0.6199   -0.0058    0.0298
   -0.0441   -0.1878   -0.0132   -0.2269   -0.0209    0.5192

Predicted 50 correctly of 111 -- 0.450450 %
>> 