
                            < M A T L A B (R) >
                  Copyright 1984-2013 The MathWorks, Inc.
                    R2013a (8.1.0.604) 64-bit (glnxa64)
                             February 15, 2013

 
To get started, type one of these: helpwin, helpdesk, or demo.
For product information, visit www.mathworks.com.
 
>> 
yPredicted =

     0     0     0     1     0     0
     0     0     0     1     0     0
     0     0     0     0     0     1
     0     0     0     1     0     0
     0     0     0     1     0     0
     0     0     0     0     0     1
     0     0     0     1     0     0
     0     0     1     0     0     0
     0     0     0     1     0     0
     0     0     0     0     0     1
     0     0     0     1     0     0
     0     0     1     0     0     0
     0     0     0     0     0     1
     0     0     0     0     0     1
     0     0     0     1     0     0
     0     0     0     0     0     1
     0     0     0     1     0     0
     0     0     0     1     0     0
     0     0     0     1     0     0
     0     0     0     1     0     0
     0     0     0     1     0     0
     1     0     0     0     0     0
     0     0     0     0     0     1
     0     0     0     1     0     0
     0     0     0     0     0     1
     1     0     0     0     0     0
     0     0     0     1     0     0
     1     0     0     0     0     0
     0     0     0     0     0     1
     0     0     0     1     0     0
     0     0     0     0     0     1
     0     0     0     1     0     0
     0     0     1     0     0     0
     0     0     0     1     0     0
     0     0     0     1     0     0
     0     0     0     1     0     0
     0     0     0     0     0     1
     0     0     0     1     0     0
     0     0     1     0     0     0
     0     0     0     0     0     1
     0     0     0     1     0     0
     0     0     0     1     0     0
     0     0     0     0     0     1
     0     0     1     0     0     0
     0     0     0     1     0     0
     0     0     0     1     0     0
     0     0     0     1     0     0
     0     0     1     0     0     0
     0     0     0     1     0     0
     0     0     0     1     0     0
     0     0     1     0     0     0
     0     1     0     0     0     0
     0     0     0     1     0     0
     0     0     0     1     0     0
     0     0     0     1     0     0
     0     0     1     0     0     0
     0     0     0     1     0     0
     1     0     0     0     0     0
     0     0     0     1     0     0
     0     1     0     0     0     0
     1     0     0     0     0     0
     0     0     0     1     0     0
     0     0     0     0     0     1
     0     0     1     0     0     0
     0     0     0     0     0     1
     0     0     1     0     0     0
     0     0     0     1     0     0
     0     0     0     1     0     0
     0     0     0     1     0     0
     0     0     0     1     0     0
     0     0     0     1     0     0
     0     0     0     1     0     0
     0     0     0     0     0     1
     0     0     0     1     0     0
     0     0     0     1     0     0
     0     0     1     0     0     0
     0     0     0     1     0     0
     0     0     1     0     0     0
     1     0     0     0     0     0
     0     0     0     1     0     0
     0     0     0     0     0     1
     0     0     1     0     0     0
     0     0     0     1     0     0
     0     0     0     1     0     0
     0     0     1     0     0     0
     1     0     0     0     0     0
     0     0     0     0     0     1
     0     0     0     1     0     0
     1     0     0     0     0     0
     0     0     0     0     0     1
     0     0     0     0     0     1
     0     0     0     0     0     1
     0     0     0     1     0     0
     0     1     0     0     0     0
     0     0     0     0     0     1
     0     0     0     1     0     0
     0     0     0     0     0     1
     0     0     0     1     0     0
     1     0     0     0     0     0
     0     0     0     1     0     0
     0     0     0     1     0     0
     0     0     0     1     0     0
     0     0     1     0     0     0
     0     0     1     0     0     0
     0     0     0     1     0     0
     0     0     0     0     0     1
     0     0     0     0     0     1
     0     0     0     1     0     0
     0     0     1     0     0     0
     0     0     0     1     0     0
     1     0     0     0     0     0
     0     0     0     1     0     0
     0     0     0     0     0     1
     0     0     0     1     0     0
     0     0     0     1     0     0
     0     0     0     1     0     0
     0     0     0     1     0     0
     0     0     1     0     0     0
     0     0     0     1     0     0
     0     0     0     1     0     0
     0     0     0     1     0     0
     0     0     1     0     0     0
     0     0     0     1     0     0
     0     0     0     1     0     0
     0     0     0     1     0     0
     0     0     0     1     0     0
     0     0     0     1     0     0
     1     0     0     0     0     0
     1     0     0     0     0     0
     0     0     0     1     0     0
     0     0     0     1     0     0
     0     0     0     1     0     0
     0     0     1     0     0     0
     1     0     0     0     0     0
     0     0     0     1     0     0
     0     1     0     0     0     0
     0     0     0     0     0     1
     0     0     1     0     0     0
     0     0     0     0     0     1
     0     0     0     1     0     0
     0     0     0     1     0     0
     0     0     0     1     0     0
     0     0     0     1     0     0
     0     0     0     1     0     0
     0     0     0     1     0     0
     0     0     0     1     0     0
     1     0     0     0     0     0
     0     0     1     0     0     0
     0     0     0     1     0     0
     0     0     0     1     0     0
     0     0     1     0     0     0
     0     0     0     1     0     0
     0     0     0     0     0     1
     0     0     0     1     0     0
     0     0     0     1     0     0
     0     0     0     0     0     1
     0     0     0     1     0     0
     1     0     0     0     0     0
     0     0     0     1     0     0
     0     0     0     0     0     1
     0     0     1     0     0     0
     0     0     1     0     0     0
     0     0     0     0     0     1
     0     0     0     1     0     0
     0     0     0     1     0     0
     0     0     0     1     0     0


W =

    0.6177    0.2770    0.5698   -0.1535         0   -1.2442
    0.2949   -0.1462    0.5388   -0.5237         0    0.0759
    0.1410    0.1497   -0.2774    0.4535         0   -0.2923
    0.3176   -0.2741   -0.4766    0.0757         0    0.4510
   -0.2582   -0.3010    0.4662   -0.0556         0    0.3693
    0.2453   -0.2976    0.5024   -0.2893         0    0.2524
   -0.4669   -0.3459   -0.2788    0.0783         0    0.9286
    0.1976    0.4131   -0.2656    0.7716         0   -0.7036
    0.8694    0.0296   -0.6755    0.0723         0   -0.6558
   -1.4363    0.7248    1.4832   -0.3815         0    1.6876

Predicted 59 correctly of 166 -- 0.355422 %
>> 