
                            < M A T L A B (R) >
                  Copyright 1984-2013 The MathWorks, Inc.
                    R2013a (8.1.0.604) 64-bit (glnxa64)
                             February 15, 2013

 
To get started, type one of these: helpwin, helpdesk, or demo.
For product information, visit www.mathworks.com.
 
>> 
yPredicted =

     0     0     0     0     0     1
     0     0     0     1     0     0
     0     0     0     1     0     0
     0     0     0     0     0     1
     0     0     1     0     0     0
     0     0     0     1     0     0
     0     0     0     0     0     1
     0     0     0     1     0     0
     0     0     0     0     0     1
     0     0     0     1     0     0
     0     0     0     0     0     1
     0     0     1     0     0     0
     0     0     0     1     0     0
     0     0     0     0     0     1
     1     0     0     0     0     0
     0     0     0     0     0     1
     0     0     0     0     0     1
     0     0     0     0     0     1
     0     0     0     0     0     1
     0     1     0     0     0     0
     0     0     0     1     0     0
     0     0     0     0     0     1
     0     0     0     0     0     1
     0     0     0     1     0     0
     1     0     0     0     0     0
     0     0     0     0     0     1
     0     0     0     0     0     1
     0     0     0     1     0     0
     0     0     0     0     0     1
     0     0     0     1     0     0
     0     0     0     1     0     0
     0     0     0     0     0     1
     0     0     0     1     0     0
     0     0     0     0     0     1
     0     0     0     1     0     0
     0     0     0     0     0     1
     1     0     0     0     0     0
     0     0     0     1     0     0
     0     0     0     0     0     1
     0     0     0     0     0     1
     0     0     0     0     0     1
     1     0     0     0     0     0
     0     0     0     0     0     1
     0     0     1     0     0     0
     0     0     0     0     0     1
     0     0     0     0     0     1
     0     0     0     0     0     1
     0     0     0     1     0     0
     0     0     0     0     0     1
     0     0     0     1     0     0
     0     0     0     1     0     0
     0     1     0     0     0     0
     0     0     0     0     0     1
     1     0     0     0     0     0
     0     0     1     0     0     0
     0     0     0     0     0     1
     0     0     0     1     0     0
     0     0     0     0     0     1
     0     0     0     1     0     0
     0     0     1     0     0     0
     0     0     0     0     0     1
     0     0     0     0     0     1
     0     0     0     0     0     1
     0     0     0     1     0     0
     0     0     0     1     0     0
     0     0     0     1     0     0
     0     0     0     0     0     1
     0     0     0     0     0     1
     0     1     0     0     0     0
     0     0     0     0     0     1
     1     0     0     0     0     0
     0     0     0     1     0     0
     0     0     1     0     0     0
     0     0     1     0     0     0
     0     1     0     0     0     0
     0     0     0     1     0     0
     0     0     0     1     0     0
     0     0     0     0     0     1
     0     0     0     0     0     1
     0     1     0     0     0     0
     0     0     0     1     0     0
     0     0     0     0     0     1
     0     0     0     1     0     0
     0     0     1     0     0     0
     0     0     0     0     0     1
     0     0     0     1     0     0
     0     0     1     0     0     0
     0     0     0     0     0     1
     0     0     0     1     0     0
     0     0     0     1     0     0
     0     0     0     0     0     1
     0     0     0     0     0     1


W =

   -0.0801    0.0317    0.3778   -0.0338    0.2614   -0.4056
    0.0658    0.0323    0.2408   -0.1059   -0.0094   -0.0369
    0.1198    0.1017   -0.0107   -0.1255    0.1085    0.3590
   -0.0185   -0.1503   -0.0595    0.1816   -0.1519    0.4144
   -0.0865   -0.0138   -0.0150    0.4274   -0.0194   -0.1014
    0.3634   -0.3301    0.0431    0.6291    0.1184   -0.7187
    0.1038   -0.0071   -0.1799    0.3244   -0.0564   -0.0927
   -0.2156    0.3309    0.0995    0.2455    0.0774   -0.0446
    0.7731    0.0950    0.1532   -0.6620   -0.0600    0.0228
   -0.0770   -0.1658    0.0063   -0.0807   -0.0576    0.4605

Predicted 41 correctly of 92 -- 0.445652 %
>> 