
                            < M A T L A B (R) >
                  Copyright 1984-2013 The MathWorks, Inc.
                    R2013a (8.1.0.604) 64-bit (glnxa64)
                             February 15, 2013

 
To get started, type one of these: helpwin, helpdesk, or demo.
For product information, visit www.mathworks.com.
 
>> 
yPredicted =

     0     0     1     0     0     0
     0     0     0     0     0     1
     0     0     0     0     0     1
     0     0     1     0     0     0
     0     0     0     0     0     1
     0     0     0     0     0     1
     0     0     0     1     0     0
     0     0     1     0     0     0
     0     0     0     1     0     0
     0     0     1     0     0     0
     0     0     0     0     0     1
     0     0     0     1     0     0
     0     0     0     1     0     0
     0     0     0     1     0     0
     0     0     0     1     0     0
     0     0     0     0     0     1
     0     0     0     1     0     0
     0     0     0     0     0     1
     0     0     0     1     0     0
     0     0     0     1     0     0
     0     0     0     1     0     0
     0     0     0     1     0     0
     0     0     0     1     0     0
     0     0     0     0     0     1
     0     0     0     1     0     0
     0     0     0     0     0     1
     0     0     0     1     0     0
     0     0     0     1     0     0
     0     0     0     1     0     0
     0     0     1     0     0     0
     0     0     0     1     0     0
     0     0     0     0     0     1
     0     0     1     0     0     0
     0     0     0     0     0     1
     0     0     0     0     0     1
     0     0     0     1     0     0
     0     0     0     0     0     1
     0     0     0     1     0     0
     1     0     0     0     0     0
     0     0     1     0     0     0
     0     0     0     1     0     0
     0     0     1     0     0     0
     1     0     0     0     0     0
     0     0     0     1     0     0
     0     0     0     1     0     0
     0     0     1     0     0     0
     1     0     0     0     0     0
     0     0     0     1     0     0
     0     0     0     0     0     1
     0     0     0     0     0     1
     0     0     0     1     0     0
     0     0     0     1     0     0
     0     0     0     1     0     0
     0     0     0     1     0     0
     0     0     0     1     0     0
     0     0     0     0     0     1
     0     0     0     0     0     1
     0     0     0     1     0     0
     0     0     0     1     0     0
     0     0     0     1     0     0
     1     0     0     0     0     0
     0     0     0     1     0     0
     0     0     0     1     0     0
     0     0     1     0     0     0
     0     0     0     0     0     1
     0     0     0     1     0     0
     0     0     0     0     0     1
     0     0     1     0     0     0
     0     0     0     1     0     0
     0     0     0     0     0     1
     0     0     1     0     0     0
     0     0     0     0     0     1
     0     0     0     1     0     0
     0     0     0     1     0     0
     0     0     0     1     0     0
     0     0     1     0     0     0
     0     0     0     1     0     0
     0     0     0     0     0     1
     0     0     0     1     0     0
     0     0     0     1     0     0
     1     0     0     0     0     0
     0     0     0     0     0     1
     0     0     0     1     0     0
     0     0     0     0     0     1
     0     0     0     0     0     1
     0     0     1     0     0     0
     0     0     0     1     0     0
     0     0     0     1     0     0
     0     0     0     1     0     0
     0     0     0     1     0     0
     0     0     0     1     0     0
     0     0     0     0     0     1
     1     0     0     0     0     0
     0     0     0     1     0     0
     0     0     0     1     0     0
     0     0     0     0     0     1
     0     0     0     0     0     1
     1     0     0     0     0     0
     0     0     0     0     0     1
     0     0     1     0     0     0
     0     0     0     1     0     0
     0     0     0     0     0     1
     0     0     0     0     0     1
     0     0     0     1     0     0
     0     0     0     0     0     1
     0     0     0     1     0     0
     0     0     0     1     0     0
     0     0     0     0     0     1
     0     0     0     0     0     1
     1     0     0     0     0     0
     0     0     1     0     0     0
     0     0     0     0     0     1
     0     0     0     0     0     1
     0     0     0     0     0     1
     0     0     1     0     0     0
     1     0     0     0     0     0
     0     0     0     0     0     1
     0     0     0     0     0     1
     0     0     0     0     0     1
     0     0     0     1     0     0
     0     0     0     1     0     0
     0     0     0     1     0     0
     0     0     0     1     0     0
     0     0     0     0     0     1
     0     0     0     0     0     1
     0     0     0     0     0     1
     1     0     0     0     0     0
     0     0     0     1     0     0
     0     0     1     0     0     0
     0     0     1     0     0     0
     0     0     0     0     0     1
     0     0     1     0     0     0
     0     0     0     1     0     0
     0     0     0     0     0     1
     0     0     0     1     0     0
     0     0     0     0     0     1
     0     0     0     1     0     0
     0     0     0     0     0     1
     0     0     0     1     0     0
     0     0     1     0     0     0
     0     0     0     0     0     1
     0     0     0     1     0     0
     0     0     1     0     0     0
     0     0     0     1     0     0
     0     0     0     1     0     0
     0     0     0     1     0     0
     0     0     0     0     0     1
     0     0     0     0     0     1


W =

    0.1211    0.0981    0.1456   -0.1019         0   -0.0434
    0.1611   -0.0934    0.5657   -0.1302         0   -0.1702
   -0.0453    0.0948   -0.0863    0.0834         0    0.4129
    0.1575   -0.1138   -0.3148    0.4346         0    0.1297
   -0.1654   -0.0270    0.3462    0.2893         0   -0.1383
    0.4258   -0.1485    0.3188    0.2001         0   -0.6404
   -0.0787   -0.0649   -0.2163    0.3700         0   -0.2353
   -0.1501    0.2954    0.2519   -0.0504         0    0.2777
    0.7117    0.0085   -0.0983   -0.5483         0    0.1216
   -0.1001   -0.0803    0.1413   -0.0394         0    0.1280

Predicted 55 correctly of 148 -- 0.371622 %
>> 