
                            < M A T L A B (R) >
                  Copyright 1984-2013 The MathWorks, Inc.
                    R2013a (8.1.0.604) 64-bit (glnxa64)
                             February 15, 2013

 
To get started, type one of these: helpwin, helpdesk, or demo.
For product information, visit www.mathworks.com.
 
>> 
yPredicted =

     0     0     0     1     0     0
     0     0     0     1     0     0
     1     0     0     0     0     0
     0     0     0     1     0     0
     0     0     0     0     0     1
     0     0     0     1     0     0
     0     0     0     0     0     1
     0     0     0     1     0     0
     0     0     0     1     0     0
     0     0     0     1     0     0
     0     0     1     0     0     0
     0     0     0     1     0     0
     0     0     0     0     0     1
     0     0     1     0     0     0
     0     0     0     0     0     1
     0     0     0     1     0     0
     0     0     0     1     0     0
     0     0     0     0     0     1
     0     0     0     1     0     0
     0     0     0     1     0     0
     0     0     0     0     0     1
     0     0     0     1     0     0
     0     0     0     0     0     1
     1     0     0     0     0     0
     0     0     0     1     0     0
     0     0     0     0     0     1
     0     0     1     0     0     0
     1     0     0     0     0     0
     0     0     0     1     0     0
     0     0     0     0     0     1
     0     0     0     0     0     1
     0     0     0     1     0     0
     0     0     0     1     0     0
     0     0     0     1     0     0
     0     0     0     0     0     1
     0     0     0     1     0     0
     0     0     0     0     0     1
     0     0     0     0     0     1
     0     0     0     1     0     0
     0     0     0     1     0     0
     0     0     0     0     0     1
     0     0     1     0     0     0
     0     0     0     1     0     0
     0     0     0     0     0     1
     0     0     1     0     0     0
     0     0     0     0     0     1
     0     0     0     1     0     0
     0     0     0     0     0     1
     0     0     1     0     0     0
     0     0     0     1     0     0
     0     0     0     0     0     1
     1     0     0     0     0     0
     0     0     0     0     0     1
     0     0     0     0     0     1
     0     0     0     0     0     1
     0     0     0     1     0     0
     0     1     0     0     0     0
     0     0     0     1     0     0
     0     0     0     1     0     0
     0     0     0     0     0     1
     0     0     0     1     0     0
     1     0     0     0     0     0
     0     0     0     0     0     1
     0     0     0     0     0     1
     0     0     0     0     0     1
     0     0     0     0     0     1
     0     0     1     0     0     0
     0     0     0     1     0     0
     0     0     0     0     0     1
     0     0     0     1     0     0
     0     0     0     0     0     1
     0     0     0     1     0     0
     0     0     0     0     0     1
     1     0     0     0     0     0
     0     0     0     1     0     0
     0     0     0     0     0     1
     0     0     0     0     0     1
     0     0     0     0     0     1
     1     0     0     0     0     0
     0     0     0     1     0     0
     0     0     1     0     0     0
     0     0     0     0     0     1
     0     0     0     0     0     1
     0     0     0     0     0     1
     0     0     0     1     0     0
     0     0     0     0     0     1
     0     0     0     1     0     0
     0     0     0     1     0     0
     0     1     0     0     0     0
     0     0     0     0     0     1
     1     0     0     0     0     0
     0     0     1     0     0     0
     0     0     0     0     0     1
     0     0     0     1     0     0
     0     0     0     0     0     1
     0     0     0     1     0     0
     0     0     1     0     0     0
     0     0     0     0     0     1
     0     0     0     0     0     1
     0     0     0     0     0     1
     0     0     0     1     0     0
     0     0     0     1     0     0
     0     0     0     1     0     0
     0     0     0     1     0     0
     0     0     0     0     0     1
     0     1     0     0     0     0
     0     0     0     0     0     1
     1     0     0     0     0     0
     0     0     0     1     0     0
     0     0     1     0     0     0
     0     0     0     0     0     1
     0     0     0     0     0     1
     0     0     0     1     0     0
     0     0     0     1     0     0
     0     0     0     0     0     1
     0     0     0     0     0     1
     0     0     0     0     0     1
     0     0     0     1     0     0
     0     0     0     0     0     1
     0     0     0     1     0     0
     0     0     0     0     0     1
     0     0     0     0     0     1
     0     0     0     1     0     0
     0     0     1     0     0     0
     0     0     0     0     0     1
     0     0     0     1     0     0
     0     0     0     1     0     0
     0     0     0     0     0     1
     0     0     0     0     0     1


W =

    0.1261    0.1047    0.2624   -0.0975         0   -0.1866
    0.0474   -0.0103    0.3697   -0.1191         0   -0.0172
   -0.0082    0.1279    0.0829   -0.0607         0    0.3607
    0.0138   -0.1263   -0.2415    0.3220         0    0.2952
   -0.1057   -0.1306    0.1041    0.3875         0   -0.0469
    0.3699   -0.2485    0.2569    0.2884         0   -0.5126
   -0.0632   -0.0044   -0.1172    0.4892         0   -0.3524
   -0.1234    0.3463    0.1977    0.0698         0    0.1121
    0.7211    0.0209   -0.0196   -0.5216         0    0.0160
   -0.0102   -0.1465   -0.0772   -0.2235         0    0.4182

Predicted 57 correctly of 129 -- 0.441860 %
>> 