
                            < M A T L A B (R) >
                  Copyright 1984-2013 The MathWorks, Inc.
                    R2013a (8.1.0.604) 64-bit (glnxa64)
                             February 15, 2013

 
To get started, type one of these: helpwin, helpdesk, or demo.
For product information, visit www.mathworks.com.
 
>> 
yPredicted =

     1     0     0
     0     0     1
     1     0     0
     1     0     0
     0     0     1
     1     0     0
     1     0     0
     0     0     1
     1     0     0
     0     1     0
     0     1     0
     1     0     0
     0     0     1
     0     0     1
     1     0     0
     0     1     0
     0     0     1
     0     1     0
     0     0     1
     0     1     0
     0     0     1
     1     0     0
     1     0     0
     0     0     1
     1     0     0
     0     0     1
     0     1     0
     0     1     0
     0     0     1
     0     0     1
     0     0     1
     0     1     0
     0     1     0
     1     0     0
     0     0     1
     0     0     1
     1     0     0
     0     1     0
     1     0     0
     1     0     0
     0     1     0
     0     1     0
     0     0     1
     1     0     0
     0     1     0
     0     0     1
     0     1     0
     0     1     0
     1     0     0
     0     0     1
     1     0     0
     1     0     0
     0     1     0
     1     0     0
     0     0     1
     0     1     0
     1     0     0
     1     0     0
     1     0     0
     1     0     0
     0     0     1
     1     0     0
     0     1     0
     0     1     0
     0     0     1
     1     0     0
     1     0     0
     0     1     0
     0     1     0
     1     0     0
     1     0     0
     0     1     0
     0     1     0
     0     0     1
     1     0     0
     0     0     1
     1     0     0
     0     1     0
     1     0     0
     0     1     0
     0     1     0
     0     0     1
     0     1     0
     1     0     0
     0     0     1
     0     1     0
     0     1     0
     0     1     0
     1     0     0
     1     0     0
     1     0     0
     0     1     0
     0     1     0
     0     0     1
     1     0     0
     1     0     0
     0     1     0
     0     0     1
     1     0     0
     1     0     0
     0     1     0
     0     1     0
     1     0     0
     0     0     1
     1     0     0
     0     1     0
     0     0     1
     0     0     1
     0     1     0
     0     1     0
     0     0     1
     0     0     1
     1     0     0
     1     0     0
     0     1     0
     1     0     0
     0     1     0
     0     0     1
     0     1     0
     1     0     0
     0     0     1
     1     0     0
     1     0     0
     1     0     0
     1     0     0
     0     1     0
     0     1     0
     0     1     0
     0     1     0
     0     1     0
     0     1     0
     0     1     0
     0     0     1
     0     0     1
     0     0     1
     1     0     0
     1     0     0
     1     0     0


W =

    0.9515   -1.0227    0.1583
   -0.2938    0.0006    0.6259
    0.4292   -0.7635    0.2821
   -0.5270    0.8195   -0.0381
   -0.4825    0.7870   -0.0276
   -0.8637    1.4299   -0.3617
    1.0544   -0.8210   -0.7222
   -0.3515    0.4734    0.2087
   -0.1089   -0.0397    0.2048
   -0.1299   -0.4077    0.6701
    0.0347    0.8858   -0.4516
    0.1687    0.1806    0.2019
    0.7814   -0.5375   -0.0786

Predicted 124 correctly of 138 -- 0.898551 %
>> 