
                            < M A T L A B (R) >
                  Copyright 1984-2013 The MathWorks, Inc.
                    R2013a (8.1.0.604) 64-bit (glnxa64)
                             February 15, 2013

 
To get started, type one of these: helpwin, helpdesk, or demo.
For product information, visit www.mathworks.com.
 
>> 
yPredicted =

     0     1     0
     1     0     0
     0     0     1
     0     1     0
     0     1     0
     1     0     0
     1     0     0
     1     0     0
     0     0     1
     1     0     0
     0     1     0
     0     1     0
     0     0     1
     1     0     0
     0     0     1
     0     1     0
     0     1     0
     1     0     0
     1     0     0
     0     1     0
     0     1     0
     0     0     1
     1     0     0
     0     0     1
     1     0     0
     0     1     0
     0     1     0
     0     1     0
     0     1     0
     0     0     1
     0     1     0
     1     0     0
     0     0     1
     0     1     0
     0     1     0
     0     1     0
     1     0     0
     1     0     0
     1     0     0
     0     1     0
     0     1     0
     0     0     1
     1     0     0
     1     0     0
     0     1     0
     0     1     0
     1     0     0
     1     0     0
     0     1     0
     0     1     0
     1     0     0
     0     0     1
     1     0     0
     0     1     0
     0     0     1
     0     0     1
     0     1     0
     0     1     0
     0     0     1
     0     0     1
     1     0     0
     1     0     0
     0     1     0
     1     0     0
     0     1     0
     0     1     0
     0     1     0
     1     0     0
     0     0     1
     1     0     0
     1     0     0
     0     1     0
     1     0     0
     0     1     0
     0     1     0
     0     1     0
     0     1     0
     0     0     1
     0     1     0
     0     1     0
     0     0     1
     0     0     1
     0     0     1
     1     0     0
     1     0     0
     1     0     0


W =

    0.5166   -0.3992    0.1820
    0.1263   -0.3606    0.4577
    0.2229   -0.4832    0.3299
   -0.6434    0.8070    0.2302
   -0.1554    0.4228   -0.0358
   -0.1979    0.1645    0.1153
    0.8500    0.0268   -1.0945
   -0.1760    0.4186   -0.0057
   -0.2381    0.2789    0.0739
   -0.2298   -0.4021    0.7928
   -0.2467    0.8827   -0.2154
    0.1520    0.3372   -0.1065
    0.9069   -0.8463   -0.1552

Predicted 84 correctly of 86 -- 0.976744 %
>> 