
                            < M A T L A B (R) >
                  Copyright 1984-2013 The MathWorks, Inc.
                    R2013a (8.1.0.604) 64-bit (glnxa64)
                             February 15, 2013

 
To get started, type one of these: helpwin, helpdesk, or demo.
For product information, visit www.mathworks.com.
 
>> 
yPredicted =

     1     0     0
     0     0     1
     0     0     1
     0     1     0
     1     0     0
     0     1     0
     1     0     0
     0     0     1
     0     1     0
     0     0     1
     1     0     0
     0     1     0
     0     1     0
     0     0     1
     0     0     1
     0     1     0
     1     0     0
     1     0     0
     0     0     1
     1     0     0
     1     0     0
     0     0     1
     1     0     0
     0     0     1
     0     0     1
     0     0     1
     0     0     1
     0     1     0
     1     0     0
     0     0     1
     0     0     1
     1     0     0
     0     1     0
     0     1     0
     1     0     0
     0     1     0
     0     1     0
     0     0     1
     1     0     0
     0     1     0
     0     0     1
     1     0     0
     0     0     1
     0     1     0
     0     1     0
     0     0     1
     0     0     1
     0     0     1
     0     1     0
     0     1     0
     1     0     0
     0     0     1
     0     0     1
     1     0     0
     0     1     0
     1     0     0
     1     0     0
     0     1     0
     0     1     0
     0     0     1
     1     0     0
     0     1     0
     0     0     1
     0     1     0
     0     1     0
     1     0     0
     0     0     1
     1     0     0
     1     0     0
     0     0     1
     1     0     0
     0     0     1
     0     1     0
     0     1     0
     1     0     0
     1     0     0
     1     0     0
     0     0     1
     1     0     0
     0     0     1
     0     1     0
     0     0     1
     1     0     0
     0     0     1
     0     1     0
     0     1     0
     1     0     0
     1     0     0
     0     1     0
     0     1     0
     0     0     1
     1     0     0
     0     1     0
     1     0     0
     0     1     0
     1     0     0
     0     1     0
     0     1     0
     0     1     0
     0     1     0
     1     0     0
     0     0     1
     0     1     0
     0     1     0
     1     0     0
     0     1     0
     1     0     0
     1     0     0
     0     1     0
     0     1     0
     0     0     1
     1     0     0
     1     0     0
     0     1     0
     0     1     0
     1     0     0
     1     0     0
     0     1     0
     0     1     0
     1     0     0
     0     0     1
     1     0     0
     0     1     0
     0     1     0
     0     0     1
     0     1     0
     0     1     0
     0     0     1
     0     1     0
     1     0     0
     1     0     0
     0     1     0
     1     0     0
     0     1     0
     0     0     1
     0     1     0
     1     0     0
     0     0     1
     1     0     0
     1     0     0
     1     0     0
     1     0     0
     0     0     1
     0     1     0
     0     1     0
     0     1     0
     0     1     0
     0     1     0
     0     1     0
     0     0     1
     0     1     0
     0     0     1
     1     0     0
     1     0     0
     1     0     0


W =

    0.9314   -0.8137    0.1410
   -0.2703   -1.5180    1.1352
   -0.0146   -2.2201    1.0381
   -0.5969    1.2676    0.1360
   -0.4686   -0.0519    0.2589
   -1.1455    2.0367    0.0475
    1.1932   -1.5555   -0.6160
   -0.3078    2.0162   -0.6325
   -0.1671    0.8508   -0.0962
    0.2270    0.1909    0.1691
    0.2753   -0.6153   -0.0779
    0.4414    1.2715   -0.6515
    0.8150   -0.3838   -0.2666

Predicted 128 correctly of 155 -- 0.825806 %
>> 