
                            < M A T L A B (R) >
                  Copyright 1984-2013 The MathWorks, Inc.
                    R2013a (8.1.0.604) 64-bit (glnxa64)
                             February 15, 2013

 
To get started, type one of these: helpwin, helpdesk, or demo.
For product information, visit www.mathworks.com.
 
>> 
yPredicted =

     0     0     1
     0     1     0
     0     0     1
     1     0     0
     1     0     0
     0     0     1
     1     0     0
     0     0     1
     0     1     0
     0     1     0
     0     0     1
     0     0     1
     0     0     1
     0     1     0
     0     1     0
     1     0     0
     0     0     1
     0     0     1
     1     0     0
     0     1     0
     1     0     0
     1     0     0
     0     1     0
     0     1     0
     0     0     1
     0     0     1
     0     1     0
     0     0     1
     0     1     0
     0     1     0
     1     0     0
     0     0     1
     1     0     0
     1     0     0
     0     1     0
     1     0     0
     0     0     1
     0     1     0
     0     1     0
     1     0     0
     1     0     0
     1     0     0
     0     0     1
     1     0     0
     0     1     0
     0     1     0
     0     0     1
     1     0     0
     0     0     1
     0     1     0
     0     1     0
     1     0     0
     1     0     0
     0     1     0
     0     1     0
     0     0     1
     1     0     0
     0     0     1
     1     0     0
     0     1     0
     0     1     0
     0     1     0
     0     1     0
     0     0     1
     0     1     0
     1     0     0
     0     0     1
     0     1     0
     0     1     0
     0     1     0
     1     0     0
     1     0     0
     1     0     0
     0     1     0
     0     1     0
     0     0     1
     1     0     0
     1     0     0
     0     1     0
     0     1     0
     1     0     0
     1     0     0
     0     1     0
     0     1     0
     1     0     0
     0     0     1
     1     0     0
     0     1     0
     0     0     1
     0     0     1
     0     1     0
     0     1     0
     0     0     1
     0     0     1
     1     0     0
     1     0     0
     0     1     0
     1     0     0
     0     1     0
     0     1     0
     0     1     0
     1     0     0
     0     0     1
     1     0     0
     1     0     0
     0     1     0
     1     0     0
     0     1     0
     0     1     0
     0     1     0
     0     1     0
     0     1     0
     0     1     0
     0     1     0
     0     0     1
     0     0     1
     0     0     1
     1     0     0
     1     0     0
     1     0     0


W =

    0.6598   -0.4943    0.1661
    0.1543   -0.2116    0.3500
    0.4323   -0.7518    0.2523
   -0.6810    0.8457    0.2026
   -0.3439    0.6148   -0.0058
   -0.1572    0.5549   -0.5186
    0.7449   -0.0144   -0.7545
   -0.3348    0.4313    0.1591
   -0.1632    0.0348    0.1685
   -0.3266   -0.3193    0.8467
   -0.2292    1.0043   -0.2777
    0.1280    0.1970    0.0945
    0.8809   -0.9197   -0.0400

Predicted 116 correctly of 120 -- 0.966667 %
>> 