
                            < M A T L A B (R) >
                  Copyright 1984-2013 The MathWorks, Inc.
                    R2013a (8.1.0.604) 64-bit (glnxa64)
                             February 15, 2013

 
To get started, type one of these: helpwin, helpdesk, or demo.
For product information, visit www.mathworks.com.
 
>> 
yPredicted =

     0     0     1
     1     0     0
     0     1     0
     1     0     0
     1     0     0
     0     1     0
     0     1     0
     0     0     1
     0     1     0
     0     1     0
     0     0     1
     0     1     0
     0     1     0
     1     0     0
     0     0     1
     1     0     0
     1     0     0
     0     1     0
     1     0     0
     0     0     1
     0     1     0
     0     1     0
     1     0     0
     1     0     0
     1     0     0
     0     0     1
     1     0     0
     0     1     0
     0     1     0
     0     0     1
     1     0     0
     0     0     1
     0     1     0
     0     1     0
     1     0     0
     1     0     0
     0     1     0
     0     1     0
     0     0     1
     1     0     0
     0     0     1
     1     0     0
     0     1     0
     0     1     0
     0     1     0
     0     1     0
     0     0     1
     0     1     0
     1     0     0
     0     0     1
     0     1     0
     0     1     0
     0     1     0
     1     0     0
     1     0     0
     1     0     0
     0     1     0
     0     1     0
     0     0     1
     1     0     0
     1     0     0
     0     1     0
     0     1     0
     1     0     0
     1     0     0
     0     1     0
     0     1     0
     1     0     0
     0     0     1
     1     0     0
     0     1     0
     0     0     1
     0     0     1
     0     1     0
     0     1     0
     0     0     1
     0     0     1
     1     0     0
     1     0     0
     0     1     0
     1     0     0
     0     1     0
     0     1     0
     0     1     0
     1     0     0
     0     0     1
     1     0     0
     1     0     0
     0     1     0
     1     0     0
     0     1     0
     0     1     0
     0     1     0
     0     1     0
     0     0     1
     0     1     0
     0     1     0
     0     0     1
     0     0     1
     0     0     1
     1     0     0
     1     0     0
     1     0     0


W =

    0.5249   -0.2876    0.0576
    0.1690   -0.3431    0.4212
    0.2736   -0.4235    0.2356
   -0.7688    0.8711    0.2186
   -0.2185    0.4127   -0.0205
   -0.2109    0.3166   -0.0376
    0.8419   -0.0843   -1.0329
   -0.1543    0.2559    0.1450
   -0.2280    0.2525    0.1005
   -0.2115   -0.4157    0.8188
   -0.1852    0.8782   -0.2605
    0.1795    0.2813   -0.0060
    0.9237   -1.0055   -0.0195

Predicted 101 correctly of 103 -- 0.980583 %
>> 